<?xml version="1.0" encoding="UTF-8"?>
<testsuite xmlns:xsi="http://www.w3.org/2001/XMLSchema-instance" xsi:noNamespaceSchemaLocation="https://maven.apache.org/surefire/maven-surefire-plugin/xsd/surefire-test-report.xsd" version="3.0.2" name="com.example34.demo34.Demo34ApplicationTests" time="4.334" tests="1" errors="0" skipped="0" failures="0">
  <properties>
[...]
</properties>
  <testcase name="contextLoads" classname="com.example34.demo34.Demo34ApplicationTests" time="0.998">
    <system-out><![CDATA[16:44:35.213 [main] INFO org.springframework.test.context.support.AnnotationConfigContextLoaderUtils -- Could not detect default configuration classes for test class [com.example34.demo34.Demo34ApplicationTests]: Demo34ApplicationTests does not declare any static, non-private, non-final, nested classes annotated with @Configuration.
16:44:35.417 [main] INFO org.springframework.boot.test.context.SpringBootTestContextBootstrapper -- Found @SpringBootConfiguration com.example34.demo34.Demo34Application for test class com.example34.demo34.Demo34ApplicationTests
16:44:35.670 [main] INFO org.springframework.boot.devtools.restart.RestartApplicationListener -- Restart disabled due to context in which it is running

  .   ____          _            __ _ _
 /\\ / ___'_ __ _ _(_)_ __  __ _ \ \ \ \
( ( )\___ | '_ | '_| | '_ \/ _` | \ \ \ \
 \\/  ___)| |_)| | | | | || (_| |  ) ) ) )
  '  |____| .__|_| |_|_| |_\__, | / / / /
 =========|_|==============|___/=/_/_/_/

 :: Spring Boot ::                (v3.5.6)

2025-10-07T16:44:36.131+05:30  INFO 20396 --- [           main] c.e.demo34.Demo34ApplicationTests        : Starting Demo34ApplicationTests using Java 23.0.1 with PID 20396 (started by shree in C:\Users\shree\Downloads\demo34\demo34)
2025-10-07T16:44:36.134+05:30  INFO 20396 --- [           main] c.e.demo34.Demo34ApplicationTests        : No active profile set, falling back to 1 default profile: "default"
2025-10-07T16:44:37.756+05:30  INFO 20396 --- [           main] o.s.b.a.w.s.WelcomePageHandlerMapping    : Adding welcome page template: index
2025-10-07T16:44:38.312+05:30  INFO 20396 --- [           main] c.e.demo34.Demo34ApplicationTests        : Started Demo34ApplicationTests in 2.656 seconds (process running for 4.009)
]]></system-out>
    <system-err><![CDATA[Mockito is currently self-attaching to enable the inline-mock-maker. This will no longer work in future releases of the JDK. Please add Mockito as an agent to your build as described in Mockito's documentation: https://javadoc.io/doc/org.mockito/mockito-core/latest/org.mockito/org/mockito/Mockito.html#0.3
WARNING: A Java agent has been loaded dynamically (C:\Users\shree\.m2\repository\net\bytebuddy\byte-buddy-agent\1.17.7\byte-buddy-agent-1.17.7.jar)
WARNING: If a serviceability tool is in use, please run with -XX:+EnableDynamicAgentLoading to hide this warning
WARNING: If a serviceability tool is not in use, please run with -Djdk.instrument.traceUsage for more information
WARNING: Dynamic loading of agents will be disallowed by default in a future release
]]></system-err>
  </testcase>
</testsuite>